<?xml version="1.0" encoding="UTF-8"?>
<!-- Generated by org.testng.reporters.JUnitReportReporter -->
<testsuite hostname="Sanju" failures="0" tests="1" name="Module1_login_Test.PBLoginTest1" time="18.968" errors="0" timestamp="2023-07-06T19:19:13 IST" skipped="0">
  <testcase classname="Module1_login_Test.PBLoginTest1" name="verifyFullName" time="18.968"/>
  <system-out/>
</testsuite> <!-- Module1_login_Test.PBLoginTest1 -->
