<?xml version="1.0" encoding="UTF-8"?>
<!-- Generated by org.testng.reporters.JUnitReportReporter -->
<testsuite hostname="Sanju" failures="0" tests="1" name="Module1_login_Test.PBLoginTest1" time="12.121" errors="0" timestamp="2023-07-05T16:32:47 IST" skipped="0">
  <testcase classname="Module1_login_Test.PBLoginTest1" name="verifyFullName" time="12.121"/>
  <system-out/>
</testsuite> <!-- Module1_login_Test.PBLoginTest1 -->
